[21:22:45] [main/INFO]: Loading Minecraft 1.20.1 with Fabric Loader 0.16.3
[21:22:45] [main/INFO]: Loading 4 mods:
	- fabricloader 0.16.3
	   \-- mixinextras 0.4.1
	- java 17
	- minecraft 1.20.1
[21:22:45] [main/INFO]: SpongePowered MIXIN Subsystem Version=0.8.7 Source=file:/workspaces/ApocalipsisMS/servidor_minecraft/libraries/net/fabricmc/sponge-mixin/0.15.2+mixin.0.8.7/sponge-mixin-0.15.2+mixin.0.8.7.jar Service=Knot/Fabric Env=SERVER
[21:22:53] [main/INFO]: Environment: authHost='https://authserver.mojang.com', accountsHost='https://api.mojang.com', sessionHost='https://sessionserver.mojang.com', servicesHost='https://api.minecraftservices.com', name='PROD'
[21:22:56] [main/INFO]: Loaded 7 recipes
[21:22:57] [main/INFO]: Loaded 1271 advancements
[21:22:57] [Server thread/INFO]: Starting minecraft server version 1.20.1
[21:22:57] [Server thread/INFO]: Loading properties
[21:22:57] [Server thread/INFO]: Default game type: SURVIVAL
[21:22:57] [Server thread/INFO]: Generating keypair
[21:22:58] [Server thread/INFO]: Starting Minecraft server on *:25565
[21:22:58] [Server thread/INFO]: Using epoll channel type
[21:22:58] [Server thread/WARN]: **** SERVER IS RUNNING IN OFFLINE/INSECURE MODE!
[21:22:58] [Server thread/WARN]: The server will make no attempt to authenticate usernames. Beware.
[21:22:58] [Server thread/WARN]: While this makes the game possible to play without internet access, it also opens up the ability for hackers to connect with any username they choose.
[21:22:58] [Server thread/WARN]: To change this, set "online-mode" to "true" in the server.properties file.
[21:22:58] [Server thread/INFO]: Preparing level "world"
[21:23:10] [Server thread/INFO]: Preparing start region for dimension minecraft:overworld
[21:23:12] [Worker-Main-1/INFO]: Preparing spawn area: 0%
[21:23:12] [Worker-Main-1/INFO]: Preparing spawn area: 0%
[21:23:12] [Worker-Main-1/INFO]: Preparing spawn area: 0%
[21:23:12] [Worker-Main-1/INFO]: Preparing spawn area: 0%
[21:23:12] [Worker-Main-1/INFO]: Preparing spawn area: 0%
[21:23:13] [Worker-Main-1/INFO]: Preparing spawn area: 0%
[21:23:13] [Worker-Main-1/INFO]: Preparing spawn area: 0%
[21:23:14] [Worker-Main-1/INFO]: Preparing spawn area: 0%
[21:23:14] [Worker-Main-1/INFO]: Preparing spawn area: 0%
[21:23:15] [Worker-Main-1/INFO]: Preparing spawn area: 0%
[21:23:15] [Worker-Main-1/INFO]: Preparing spawn area: 0%
[21:23:16] [Worker-Main-1/INFO]: Preparing spawn area: 0%
[21:23:16] [Worker-Main-1/INFO]: Preparing spawn area: 0%
[21:23:17] [Worker-Main-1/INFO]: Preparing spawn area: 0%
[21:23:17] [Worker-Main-1/INFO]: Preparing spawn area: 0%
[21:23:18] [Worker-Main-1/INFO]: Preparing spawn area: 0%
[21:23:19] [Worker-Main-1/INFO]: Preparing spawn area: 0%
[21:23:19] [Worker-Main-1/INFO]: Preparing spawn area: 0%
[21:23:19] [Worker-Main-1/INFO]: Preparing spawn area: 0%
[21:23:20] [Worker-Main-1/INFO]: Preparing spawn area: 0%
[21:23:20] [Worker-Main-1/INFO]: Preparing spawn area: 0%
[21:23:21] [Worker-Main-1/INFO]: Preparing spawn area: 0%
[21:23:21] [Worker-Main-1/INFO]: Preparing spawn area: 0%
[21:23:22] [Worker-Main-1/INFO]: Preparing spawn area: 0%
[21:23:22] [Worker-Main-1/INFO]: Preparing spawn area: 0%
[21:23:23] [Worker-Main-1/INFO]: Preparing spawn area: 0%
[21:23:23] [Worker-Main-1/INFO]: Preparing spawn area: 0%
[21:23:24] [Worker-Main-1/INFO]: Preparing spawn area: 0%
[21:23:24] [Worker-Main-1/INFO]: Preparing spawn area: 0%
[21:23:25] [Worker-Main-1/INFO]: Preparing spawn area: 0%
[21:23:25] [Worker-Main-1/INFO]: Preparing spawn area: 0%
[21:23:26] [Worker-Main-1/INFO]: Preparing spawn area: 0%
[21:23:26] [Worker-Main-1/INFO]: Preparing spawn area: 0%
[21:23:27] [Worker-Main-1/INFO]: Preparing spawn area: 0%
[21:23:27] [Worker-Main-1/INFO]: Preparing spawn area: 0%
[21:23:28] [Worker-Main-1/INFO]: Preparing spawn area: 0%
[21:23:28] [Worker-Main-1/INFO]: Preparing spawn area: 0%
[21:23:29] [Worker-Main-1/INFO]: Preparing spawn area: 0%
[21:23:29] [Worker-Main-1/INFO]: Preparing spawn area: 0%
[21:23:30] [Worker-Main-1/INFO]: Preparing spawn area: 0%
[21:23:30] [Worker-Main-1/INFO]: Preparing spawn area: 0%
[21:23:31] [Worker-Main-1/INFO]: Preparing spawn area: 0%
[21:23:31] [Worker-Main-1/INFO]: Preparing spawn area: 0%
[21:23:32] [Worker-Main-1/INFO]: Preparing spawn area: 0%
[21:23:32] [Worker-Main-1/INFO]: Preparing spawn area: 0%
[21:23:33] [Worker-Main-1/INFO]: Preparing spawn area: 0%
[21:23:33] [Worker-Main-1/INFO]: Preparing spawn area: 0%
[21:23:34] [Worker-Main-1/INFO]: Preparing spawn area: 0%
[21:23:34] [Worker-Main-1/INFO]: Preparing spawn area: 0%
[21:23:35] [Worker-Main-1/INFO]: Preparing spawn area: 0%
[21:23:35] [Worker-Main-1/INFO]: Preparing spawn area: 0%
[21:23:36] [Worker-Main-1/INFO]: Preparing spawn area: 0%
[21:23:36] [Worker-Main-1/INFO]: Preparing spawn area: 0%
[21:23:37] [Worker-Main-1/INFO]: Preparing spawn area: 0%
[21:23:37] [Worker-Main-1/INFO]: Preparing spawn area: 0%
[21:23:38] [Worker-Main-1/INFO]: Preparing spawn area: 0%
[21:23:38] [Worker-Main-1/INFO]: Preparing spawn area: 0%
[21:23:39] [Worker-Main-1/INFO]: Preparing spawn area: 0%
[21:23:39] [Worker-Main-1/INFO]: Preparing spawn area: 0%
[21:23:40] [Worker-Main-1/INFO]: Preparing spawn area: 0%
[21:23:40] [Worker-Main-1/INFO]: Preparing spawn area: 0%
[21:23:41] [Worker-Main-1/INFO]: Preparing spawn area: 0%
[21:23:41] [Worker-Main-1/INFO]: Preparing spawn area: 0%
[21:23:42] [Worker-Main-1/INFO]: Preparing spawn area: 0%
[21:23:42] [Worker-Main-1/INFO]: Preparing spawn area: 0%
[21:23:43] [Worker-Main-1/INFO]: Preparing spawn area: 0%
[21:23:43] [Worker-Main-1/INFO]: Preparing spawn area: 0%
[21:23:44] [Worker-Main-1/INFO]: Preparing spawn area: 0%
[21:23:44] [Worker-Main-1/INFO]: Preparing spawn area: 0%
[21:23:45] [Worker-Main-1/INFO]: Preparing spawn area: 0%
[21:23:45] [Worker-Main-1/INFO]: Preparing spawn area: 0%
[21:23:46] [Worker-Main-1/INFO]: Preparing spawn area: 0%
[21:23:46] [Worker-Main-1/INFO]: Preparing spawn area: 0%
[21:23:47] [Worker-Main-1/INFO]: Preparing spawn area: 0%
[21:23:47] [Worker-Main-1/INFO]: Preparing spawn area: 0%
[21:23:48] [Worker-Main-1/INFO]: Preparing spawn area: 0%
[21:23:48] [Worker-Main-1/INFO]: Preparing spawn area: 0%
[21:23:49] [Worker-Main-1/INFO]: Preparing spawn area: 0%
[21:23:49] [Worker-Main-1/INFO]: Preparing spawn area: 0%
[21:23:50] [Worker-Main-1/INFO]: Preparing spawn area: 0%
[21:23:50] [Worker-Main-1/INFO]: Preparing spawn area: 0%
[21:23:51] [Worker-Main-1/INFO]: Preparing spawn area: 0%
[21:23:51] [Worker-Main-1/INFO]: Preparing spawn area: 0%
[21:23:52] [Worker-Main-1/INFO]: Preparing spawn area: 0%
[21:23:52] [Worker-Main-1/INFO]: Preparing spawn area: 0%
[21:23:53] [Worker-Main-1/INFO]: Preparing spawn area: 0%
[21:23:53] [Worker-Main-1/INFO]: Preparing spawn area: 0%
[21:23:54] [Worker-Main-1/INFO]: Preparing spawn area: 0%
[21:23:54] [Worker-Main-1/INFO]: Preparing spawn area: 0%
[21:23:55] [Worker-Main-1/INFO]: Preparing spawn area: 0%
[21:23:55] [Worker-Main-1/INFO]: Preparing spawn area: 0%
[21:23:56] [Worker-Main-1/INFO]: Preparing spawn area: 0%
[21:23:56] [Worker-Main-1/INFO]: Preparing spawn area: 0%
[21:23:57] [Worker-Main-1/INFO]: Preparing spawn area: 0%
[21:23:57] [Worker-Main-1/INFO]: Preparing spawn area: 0%
[21:23:58] [Worker-Main-1/INFO]: Preparing spawn area: 0%
[21:23:58] [Worker-Main-1/INFO]: Preparing spawn area: 0%
[21:23:59] [Worker-Main-1/INFO]: Preparing spawn area: 0%
[21:23:59] [Worker-Main-1/INFO]: Preparing spawn area: 0%
[21:24:00] [Worker-Main-1/INFO]: Preparing spawn area: 0%
[21:24:00] [Worker-Main-1/INFO]: Preparing spawn area: 0%
[21:24:01] [Worker-Main-1/INFO]: Preparing spawn area: 0%
[21:24:01] [Worker-Main-1/INFO]: Preparing spawn area: 0%
[21:24:02] [Worker-Main-1/INFO]: Preparing spawn area: 0%
[21:24:02] [Worker-Main-1/INFO]: Preparing spawn area: 4%
[21:24:04] [Worker-Main-1/INFO]: Preparing spawn area: 4%
[21:24:04] [Worker-Main-1/INFO]: Preparing spawn area: 4%
[21:24:04] [Worker-Main-1/INFO]: Preparing spawn area: 15%
[21:24:06] [Server thread/INFO]: Time elapsed: 55421 ms
[21:24:06] [Server thread/INFO]: Done (67.882s)! For help, type "help"
[21:26:22] [Server thread/INFO]: Wizzkas[/[0:0:0:0:0:0:0:1%0]:37478] logged in with entity id 268 at (9.5, 131.0, 6.5)
[21:26:22] [Server thread/INFO]: Wizzkas joined the game
[21:27:56] [Server thread/INFO]: Made Wizzkas a server operator
[21:28:04] [Server thread/INFO]: [Wizzkas: Set own game mode to Creative Mode]
[21:29:14] [Server thread/INFO]: Stopping the server
[21:29:14] [Server thread/INFO]: Stopping server
[21:29:14] [Server thread/INFO]: Saving players
[21:29:14] [Server thread/INFO]: Saving worlds
[21:29:23] [Server thread/INFO]: Saving chunks for level 'ServerLevel[world]'/minecraft:overworld
[21:29:23] [Server thread/INFO]: Saving chunks for level 'ServerLevel[world]'/minecraft:the_nether
[21:29:23] [Server thread/INFO]: Saving chunks for level 'ServerLevel[world]'/minecraft:the_end
[21:29:23] [Server thread/INFO]: ThreadedAnvilChunkStorage (world): All chunks are saved
[21:29:23] [Server thread/INFO]: ThreadedAnvilChunkStorage (DIM-1): All chunks are saved
[21:29:23] [Server thread/INFO]: ThreadedAnvilChunkStorage (DIM1): All chunks are saved
[21:29:23] [Server thread/INFO]: ThreadedAnvilChunkStorage: All dimensions are saved
